<?xml version="1.0" encoding="UTF-8"?>
<testsuite xmlns:xsi="http://www.w3.org/2001/XMLSchema-instance" xsi:noNamespaceSchemaLocation="https://maven.apache.org/surefire/maven-surefire-plugin/xsd/surefire-test-report.xsd" name="TestSuite" time="460.394" tests="0" errors="0" skipped="0" failures="0">
  <properties>
    <property name="sun.desktop" value="gnome"/>
    <property name="awt.toolkit" value="sun.awt.X11.XToolkit"/>
    <property name="java.specification.version" value="11"/>
    <property name="sun.cpu.isalist" value=""/>
    <property name="sun.jnu.encoding" value="UTF-8"/>
    <property name="java.class.path" value="/home/divyabharathi/2AutomationWOrkspace/MobileAutomationWorkspace/NMCO/target/test-classes:/home/divyabharathi/2AutomationWOrkspace/MobileAutomationWorkspace/NMCO/target/classes:/home/divyabharathi/.m2/repository/com/iexceed/appzillon-automation-framework/1.0-SNAPSHOT/appzillon-automation-framework-1.0-SNAPSHOT-jar-with-dependencies.jar:/home/divyabharathi/.m2/repository/org/seleniumhq/selenium/selenium-java/3.141.59/selenium-java-3.141.59.jar:/home/divyabharathi/.m2/repository/org/seleniumhq/selenium/selenium-api/3.141.59/selenium-api-3.141.59.jar:/home/divyabharathi/.m2/repository/org/seleniumhq/selenium/selenium-chrome-driver/3.141.59/selenium-chrome-driver-3.141.59.jar:/home/divyabharathi/.m2/repository/org/seleniumhq/selenium/selenium-edge-driver/3.141.59/selenium-edge-driver-3.141.59.jar:/home/divyabharathi/.m2/repository/org/seleniumhq/selenium/selenium-firefox-driver/3.141.59/selenium-firefox-driver-3.141.59.jar:/home/divyabharathi/.m2/repository/org/seleniumhq/selenium/selenium-ie-driver/3.141.59/selenium-ie-driver-3.141.59.jar:/home/divyabharathi/.m2/repository/org/seleniumhq/selenium/selenium-opera-driver/3.141.59/selenium-opera-driver-3.141.59.jar:/home/divyabharathi/.m2/repository/org/seleniumhq/selenium/selenium-safari-driver/3.141.59/selenium-safari-driver-3.141.59.jar:/home/divyabharathi/.m2/repository/org/seleniumhq/selenium/selenium-support/3.141.59/selenium-support-3.141.59.jar:/home/divyabharathi/.m2/repository/net/bytebuddy/byte-buddy/1.8.15/byte-buddy-1.8.15.jar:/home/divyabharathi/.m2/repository/org/apache/commons/commons-exec/1.3/commons-exec-1.3.jar:/home/divyabharathi/.m2/repository/com/google/guava/guava/25.0-jre/guava-25.0-jre.jar:/home/divyabharathi/.m2/repository/com/google/code/findbugs/jsr305/1.3.9/jsr305-1.3.9.jar:/home/divyabharathi/.m2/repository/org/checkerframework/checker-compat-qual/2.0.0/checker-compat-qual-2.0.0.jar:/home/divyabharathi/.m2/repository/com/google/errorprone/error_prone_annotations/2.1.3/error_prone_annotations-2.1.3.jar:/home/divyabharathi/.m2/repository/com/google/j2objc/j2objc-annotations/1.1/j2objc-annotations-1.1.jar:/home/divyabharathi/.m2/repository/org/codehaus/mojo/animal-sniffer-annotations/1.14/animal-sniffer-annotations-1.14.jar:/home/divyabharathi/.m2/repository/com/squareup/okhttp3/okhttp/3.11.0/okhttp-3.11.0.jar:/home/divyabharathi/.m2/repository/com/squareup/okio/okio/1.14.0/okio-1.14.0.jar:/home/divyabharathi/.m2/repository/io/cucumber/cucumber-java/6.8.1/cucumber-java-6.8.1.jar:/home/divyabharathi/.m2/repository/org/apiguardian/apiguardian-api/1.1.0/apiguardian-api-1.1.0.jar:/home/divyabharathi/.m2/repository/io/cucumber/cucumber-core/6.8.1/cucumber-core-6.8.1.jar:/home/divyabharathi/.m2/repository/io/cucumber/cucumber-gherkin-messages/6.8.1/cucumber-gherkin-messages-6.8.1.jar:/home/divyabharathi/.m2/repository/io/cucumber/messages/13.1.0/messages-13.1.0.jar:/home/divyabharathi/.m2/repository/io/cucumber/tag-expressions/3.0.0/tag-expressions-3.0.0.jar:/home/divyabharathi/.m2/repository/io/cucumber/datatable/3.5.0/datatable-3.5.0.jar:/home/divyabharathi/.m2/repository/io/cucumber/cucumber-plugin/6.8.1/cucumber-plugin-6.8.1.jar:/home/divyabharathi/.m2/repository/io/cucumber/docstring/6.8.1/docstring-6.8.1.jar:/home/divyabharathi/.m2/repository/io/cucumber/html-formatter/9.0.0/html-formatter-9.0.0.jar:/home/divyabharathi/.m2/repository/io/cucumber/create-meta/2.0.2/create-meta-2.0.2.jar:/home/divyabharathi/.m2/repository/io/cucumber/cucumber-junit/6.8.1/cucumber-junit-6.8.1.jar:/home/divyabharathi/.m2/repository/io/cucumber/cucumber-testng/6.8.1/cucumber-testng-6.8.1.jar:/home/divyabharathi/.m2/repository/io/cucumber/cucumber-gherkin/6.8.1/cucumber-gherkin-6.8.1.jar:/home/divyabharathi/.m2/repository/io/cucumber/gherkin/15.0.2/gherkin-15.0.2.jar:/home/divyabharathi/.m2/repository/io/cucumber/cucumber-expressions/10.3.0/cucumber-expressions-10.3.0.jar:/home/divyabharathi/.m2/repository/io/rest-assured/rest-assured/4.3.2/rest-assured-4.3.2.jar:/home/divyabharathi/.m2/repository/org/codehaus/groovy/groovy/3.0.6/groovy-3.0.6.jar:/home/divyabharathi/.m2/repository/org/codehaus/groovy/groovy-xml/3.0.6/groovy-xml-3.0.6.jar:/home/divyabharathi/.m2/repository/org/apache/httpcomponents/httpclient/4.5.3/httpclient-4.5.3.jar:/home/divyabharathi/.m2/repository/commons-logging/commons-logging/1.2/commons-logging-1.2.jar:/home/divyabharathi/.m2/repository/org/apache/httpcomponents/httpmime/4.5.3/httpmime-4.5.3.jar:/home/divyabharathi/.m2/repository/org/hamcrest/hamcrest/2.1/hamcrest-2.1.jar:/home/divyabharathi/.m2/repository/org/ccil/cowan/tagsoup/tagsoup/1.2.1/tagsoup-1.2.1.jar:/home/divyabharathi/.m2/repository/io/rest-assured/xml-path/4.3.2/xml-path-4.3.2.jar:/home/divyabharathi/.m2/repository/jakarta/xml/bind/jakarta.xml.bind-api/2.3.3/jakarta.xml.bind-api-2.3.3.jar:/home/divyabharathi/.m2/repository/jakarta/activation/jakarta.activation-api/1.2.2/jakarta.activation-api-1.2.2.jar:/home/divyabharathi/.m2/repository/com/sun/xml/bind/jaxb-impl/2.3.3/jaxb-impl-2.3.3.jar:/home/divyabharathi/.m2/repository/io/rest-assured/json-path/4.3.2/json-path-4.3.2.jar:/home/divyabharathi/.m2/repository/org/codehaus/groovy/groovy-json/3.0.6/groovy-json-3.0.6.jar:/home/divyabharathi/.m2/repository/io/rest-assured/rest-assured-common/4.3.2/rest-assured-common-4.3.2.jar:/home/divyabharathi/.m2/repository/io/rest-assured/json-schema-validator/4.3.2/json-schema-validator-4.3.2.jar:/home/divyabharathi/.m2/repository/com/github/java-json-tools/json-schema-validator/2.2.14/json-schema-validator-2.2.14.jar:/home/divyabharathi/.m2/repository/com/github/java-json-tools/jackson-coreutils-equivalence/1.0/jackson-coreutils-equivalence-1.0.jar:/home/divyabharathi/.m2/repository/com/github/java-json-tools/jackson-coreutils/2.0/jackson-coreutils-2.0.jar:/home/divyabharathi/.m2/repository/com/github/java-json-tools/msg-simple/1.2/msg-simple-1.2.jar:/home/divyabharathi/.m2/repository/com/github/java-json-tools/btf/1.3/btf-1.3.jar:/home/divyabharathi/.m2/repository/com/github/java-json-tools/json-schema-core/1.2.14/json-schema-core-1.2.14.jar:/home/divyabharathi/.m2/repository/com/github/java-json-tools/uri-template/0.10/uri-template-0.10.jar:/home/divyabharathi/.m2/repository/com/sun/mail/mailapi/1.6.2/mailapi-1.6.2.jar:/home/divyabharathi/.m2/repository/joda-time/joda-time/2.10.5/joda-time-2.10.5.jar:/home/divyabharathi/.m2/repository/com/googlecode/libphonenumber/libphonenumber/8.11.1/libphonenumber-8.11.1.jar:/home/divyabharathi/.m2/repository/net/sf/jopt-simple/jopt-simple/5.0.4/jopt-simple-5.0.4.jar:/home/divyabharathi/.m2/repository/org/testng/testng/6.9.4/testng-6.9.4.jar:/home/divyabharathi/.m2/repository/org/beanshell/bsh/2.0b4/bsh-2.0b4.jar:/home/divyabharathi/.m2/repository/com/beust/jcommander/1.48/jcommander-1.48.jar:/home/divyabharathi/.m2/repository/org/apache/poi/poi-ooxml/4.1.0/poi-ooxml-4.1.0.jar:/home/divyabharathi/.m2/repository/org/apache/poi/poi/4.1.0/poi-4.1.0.jar:/home/divyabharathi/.m2/repository/org/apache/commons/commons-collections4/4.3/commons-collections4-4.3.jar:/home/divyabharathi/.m2/repository/org/apache/poi/poi-ooxml-schemas/4.1.0/poi-ooxml-schemas-4.1.0.jar:/home/divyabharathi/.m2/repository/org/apache/xmlbeans/xmlbeans/3.1.0/xmlbeans-3.1.0.jar:/home/divyabharathi/.m2/repository/org/apache/commons/commons-compress/1.18/commons-compress-1.18.jar:/home/divyabharathi/.m2/repository/com/github/virtuald/curvesapi/1.06/curvesapi-1.06.jar:/home/divyabharathi/.m2/repository/com/github/ralfstuckert/pdfbox-layout/pdfbox2-layout/0.9.0/pdfbox2-layout-0.9.0.jar:/home/divyabharathi/.m2/repository/org/apache/pdfbox/pdfbox/2.0.4/pdfbox-2.0.4.jar:/home/divyabharathi/.m2/repository/org/apache/pdfbox/fontbox/2.0.4/fontbox-2.0.4.jar:/home/divyabharathi/.m2/repository/log4j/log4j/1.2.17/log4j-1.2.17.jar:/home/divyabharathi/.m2/repository/org/seleniumhq/selenium/selenium-remote-driver/3.141.59/selenium-remote-driver-3.141.59.jar:/home/divyabharathi/.m2/repository/org/apache/logging/log4j/log4j-api/2.13.3/log4j-api-2.13.3.jar:/home/divyabharathi/.m2/repository/org/apache/logging/log4j/log4j-core/2.13.3/log4j-core-2.13.3.jar:/home/divyabharathi/.m2/repository/com/codoid/products/fillo/1.21/fillo-1.21.jar:/home/divyabharathi/.m2/repository/xerces/xercesImpl/2.11.0/xercesImpl-2.11.0.jar:/home/divyabharathi/.m2/repository/xml-apis/xml-apis/1.4.01/xml-apis-1.4.01.jar:/home/divyabharathi/.m2/repository/io/appium/java-client/6.1.0/java-client-6.1.0.jar:/home/divyabharathi/.m2/repository/cglib/cglib/3.2.6/cglib-3.2.6.jar:/home/divyabharathi/.m2/repository/org/apache/ant/ant/1.9.6/ant-1.9.6.jar:/home/divyabharathi/.m2/repository/org/apache/ant/ant-launcher/1.9.6/ant-launcher-1.9.6.jar:/home/divyabharathi/.m2/repository/commons-validator/commons-validator/1.6/commons-validator-1.6.jar:/home/divyabharathi/.m2/repository/commons-beanutils/commons-beanutils/1.9.2/commons-beanutils-1.9.2.jar:/home/divyabharathi/.m2/repository/commons-digester/commons-digester/1.8.1/commons-digester-1.8.1.jar:/home/divyabharathi/.m2/repository/commons-io/commons-io/2.6/commons-io-2.6.jar:/home/divyabharathi/.m2/repository/org/springframework/spring-context/5.0.5.RELEASE/spring-context-5.0.5.RELEASE.jar:/home/divyabharathi/.m2/repository/org/springframework/spring-aop/5.0.5.RELEASE/spring-aop-5.0.5.RELEASE.jar:/home/divyabharathi/.m2/repository/org/springframework/spring-beans/5.0.5.RELEASE/spring-beans-5.0.5.RELEASE.jar:/home/divyabharathi/.m2/repository/org/springframework/spring-core/5.0.5.RELEASE/spring-core-5.0.5.RELEASE.jar:/home/divyabharathi/.m2/repository/org/springframework/spring-jcl/5.0.5.RELEASE/spring-jcl-5.0.5.RELEASE.jar:/home/divyabharathi/.m2/repository/org/springframework/spring-expression/5.0.5.RELEASE/spring-expression-5.0.5.RELEASE.jar:/home/divyabharathi/.m2/repository/org/aspectj/aspectjweaver/1.9.1/aspectjweaver-1.9.1.jar:/home/divyabharathi/.m2/repository/org/openpnp/opencv/3.2.0-1/opencv-3.2.0-1.jar:/home/divyabharathi/.m2/repository/org/apache/jmeter/ApacheJMeter_core/5.0/ApacheJMeter_core-5.0.jar:/home/divyabharathi/.m2/repository/org/apache/jmeter/jorphan/5.0/jorphan-5.0.jar:/home/divyabharathi/.m2/repository/org/ow2/asm/asm/6.1/asm-6.1.jar:/home/divyabharathi/.m2/repository/net/minidev/accessors-smart/1.2/accessors-smart-1.2.jar:/home/divyabharathi/.m2/repository/bsf/bsf/2.4.0/bsf-2.4.0.jar:/home/divyabharathi/.m2/repository/org/apache-extras/beanshell/bsh/2.0b6/bsh-2.0b6.jar:/home/divyabharathi/.m2/repository/org/bouncycastle/bcmail-jdk15on/1.60/bcmail-jdk15on-1.60.jar:/home/divyabharathi/.m2/repository/org/bouncycastle/bcprov-jdk15on/1.60/bcprov-jdk15on-1.60.jar:/home/divyabharathi/.m2/repository/org/bouncycastle/bcpkix-jdk15on/1.60/bcpkix-jdk15on-1.60.jar:/home/divyabharathi/.m2/repository/org/brotli/dec/0.1.2/dec-0.1.2.jar:/home/divyabharathi/.m2/repository/com/github/ben-manes/caffeine/caffeine/2.6.2/caffeine-2.6.2.jar:/home/divyabharathi/.m2/repository/commons-codec/commons-codec/1.11/commons-codec-1.11.jar:/home/divyabharathi/.m2/repository/commons-collections/commons-collections/3.2.2/commons-collections-3.2.2.jar:/home/divyabharathi/.m2/repository/org/apache/commons/commons-dbcp2/2.4.0/commons-dbcp2-2.4.0.jar:/home/divyabharathi/.m2/repository/org/apache/commons/commons-jexl/2.1.1/commons-jexl-2.1.1.jar:/home/divyabharathi/.m2/repository/org/apache/commons/commons-jexl3/3.1/commons-jexl3-3.1.jar:/home/divyabharathi/.m2/repository/org/apache/commons/commons-math3/3.6.1/commons-math3-3.6.1.jar:/home/divyabharathi/.m2/repository/commons-net/commons-net/3.6/commons-net-3.6.jar:/home/divyabharathi/.m2/repository/org/apache/commons/commons-pool2/2.6.0/commons-pool2-2.6.0.jar:/home/divyabharathi/.m2/repository/dnsjava/dnsjava/2.1.8/dnsjava-2.1.8.jar:/home/divyabharathi/.m2/repository/org/codehaus/groovy/groovy-all/2.4.15/groovy-all-2.4.15.jar:/home/divyabharathi/.m2/repository/org/apache/httpcomponents/httpasyncclient/4.1.3/httpasyncclient-4.1.3.jar:/home/divyabharathi/.m2/repository/org/apache/httpcomponents/httpcore/4.4.10/httpcore-4.4.10.jar:/home/divyabharathi/.m2/repository/org/apache/httpcomponents/httpcore-nio/4.4.10/httpcore-nio-4.4.10.jar:/home/divyabharathi/.m2/repository/oro/oro/2.0.8/oro-2.0.8.jar:/home/divyabharathi/.m2/repository/jcharts/jcharts/0.7.5/jcharts-0.7.5.jar:/home/divyabharathi/.m2/repository/org/mozilla/rhino/1.7.10/rhino-1.7.10.jar:/home/divyabharathi/.m2/repository/net/sf/jtidy/jtidy/r938/jtidy-r938.jar:/home/divyabharathi/.m2/repository/org/apache/tika/tika-core/1.18/tika-core-1.18.jar:/home/divyabharathi/.m2/repository/org/apache/tika/tika-parsers/1.18/tika-parsers-1.18.jar:/home/divyabharathi/.m2/repository/org/gagravarr/vorbis-java-tika/0.8/vorbis-java-tika-0.8.jar:/home/divyabharathi/.m2/repository/com/healthmarketscience/jackcess/jackcess/2.1.10/jackcess-2.1.10.jar:/home/divyabharathi/.m2/repository/commons-lang/commons-lang/2.6/commons-lang-2.6.jar:/home/divyabharathi/.m2/repository/com/healthmarketscience/jackcess/jackcess-encrypt/2.1.4/jackcess-encrypt-2.1.4.jar:/home/divyabharathi/.m2/repository/org/tallison/jmatio/1.2/jmatio-1.2.jar:/home/divyabharathi/.m2/repository/org/apache/james/apache-mime4j-core/0.8.1/apache-mime4j-core-0.8.1.jar:/home/divyabharathi/.m2/repository/org/apache/james/apache-mime4j-dom/0.8.1/apache-mime4j-dom-0.8.1.jar:/home/divyabharathi/.m2/repository/org/tukaani/xz/1.8/xz-1.8.jar:/home/divyabharathi/.m2/repository/org/apache/pdfbox/pdfbox-tools/2.0.9/pdfbox-tools-2.0.9.jar:/home/divyabharathi/.m2/repository/org/apache/pdfbox/jempbox/1.8.13/jempbox-1.8.13.jar:/home/divyabharathi/.m2/repository/org/apache/poi/poi-scratchpad/3.17/poi-scratchpad-3.17.jar:/home/divyabharathi/.m2/repository/com/googlecode/mp4parser/isoparser/1.1.18/isoparser-1.1.18.jar:/home/divyabharathi/.m2/repository/com/drewnoakes/metadata-extractor/2.10.1/metadata-extractor-2.10.1.jar:/home/divyabharathi/.m2/repository/com/adobe/xmp/xmpcore/5.1.3/xmpcore-5.1.3.jar:/home/divyabharathi/.m2/repository/de/l3s/boilerpipe/boilerpipe/1.1.0/boilerpipe-1.1.0.jar:/home/divyabharathi/.m2/repository/com/rometools/rome/1.5.1/rome-1.5.1.jar:/home/divyabharathi/.m2/repository/com/rometools/rome-utils/1.5.1/rome-utils-1.5.1.jar:/home/divyabharathi/.m2/repository/org/gagravarr/vorbis-java-core/0.8/vorbis-java-core-0.8.jar:/home/divyabharathi/.m2/repository/com/googlecode/juniversalchardet/juniversalchardet/1.0.3/juniversalchardet-1.0.3.jar:/home/divyabharathi/.m2/repository/org/codelibs/jhighlight/1.0.2/jhighlight-1.0.2.jar:/home/divyabharathi/.m2/repository/com/pff/java-libpst/0.8.1/java-libpst-0.8.1.jar:/home/divyabharathi/.m2/repository/com/github/junrar/junrar/0.7/junrar-0.7.jar:/home/divyabharathi/.m2/repository/org/apache/cxf/cxf-rt-rs-client/3.0.16/cxf-rt-rs-client-3.0.16.jar:/home/divyabharathi/.m2/repository/org/apache/cxf/cxf-rt-transports-http/3.0.16/cxf-rt-transports-http-3.0.16.jar:/home/divyabharathi/.m2/repository/org/apache/cxf/cxf-core/3.0.16/cxf-core-3.0.16.jar:/home/divyabharathi/.m2/repository/org/codehaus/woodstox/woodstox-core-asl/4.4.1/woodstox-core-asl-4.4.1.jar:/home/divyabharathi/.m2/repository/org/codehaus/woodstox/stax2-api/3.1.4/stax2-api-3.1.4.jar:/home/divyabharathi/.m2/repository/org/apache/ws/xmlschema/xmlschema-core/2.2.2/xmlschema-core-2.2.2.jar:/home/divyabharathi/.m2/repository/org/apache/cxf/cxf-rt-frontend-jaxrs/3.0.16/cxf-rt-frontend-jaxrs-3.0.16.jar:/home/divyabharathi/.m2/repository/javax/ws/rs/javax.ws.rs-api/2.0.1/javax.ws.rs-api-2.0.1.jar:/home/divyabharathi/.m2/repository/javax/annotation/javax.annotation-api/1.2/javax.annotation-api-1.2.jar:/home/divyabharathi/.m2/repository/org/apache/opennlp/opennlp-tools/1.8.4/opennlp-tools-1.8.4.jar:/home/divyabharathi/.m2/repository/com/googlecode/json-simple/json-simple/1.1.1/json-simple-1.1.1.jar:/home/divyabharathi/.m2/repository/com/github/openjson/openjson/1.0.10/openjson-1.0.10.jar:/home/divyabharathi/.m2/repository/org/slf4j/jul-to-slf4j/1.7.24/jul-to-slf4j-1.7.24.jar:/home/divyabharathi/.m2/repository/edu/ucar/netcdf4/4.5.5/netcdf4-4.5.5.jar:/home/divyabharathi/.m2/repository/net/jcip/jcip-annotations/1.0/jcip-annotations-1.0.jar:/home/divyabharathi/.m2/repository/net/java/dev/jna/jna/4.1.0/jna-4.1.0.jar:/home/divyabharathi/.m2/repository/edu/ucar/grib/4.5.5/grib-4.5.5.jar:/home/divyabharathi/.m2/repository/com/google/protobuf/protobuf-java/2.5.0/protobuf-java-2.5.0.jar:/home/divyabharathi/.m2/repository/org/itadaki/bzip2/0.9.1/bzip2-0.9.1.jar:/home/divyabharathi/.m2/repository/edu/ucar/cdm/4.5.5/cdm-4.5.5.jar:/home/divyabharathi/.m2/repository/edu/ucar/udunits/4.5.5/udunits-4.5.5.jar:/home/divyabharathi/.m2/repository/org/quartz-scheduler/quartz/2.2.0/quartz-2.2.0.jar:/home/divyabharathi/.m2/repository/c3p0/c3p0/0.9.1.1/c3p0-0.9.1.1.jar:/home/divyabharathi/.m2/repository/net/sf/ehcache/ehcache-core/2.6.2/ehcache-core-2.6.2.jar:/home/divyabharathi/.m2/repository/edu/ucar/httpservices/4.5.5/httpservices-4.5.5.jar:/home/divyabharathi/.m2/repository/org/apache/commons/commons-csv/1.0/commons-csv-1.0.jar:/home/divyabharathi/.m2/repository/org/apache/sis/core/sis-utility/0.8/sis-utility-0.8.jar:/home/divyabharathi/.m2/repository/javax/measure/unit-api/1.0/unit-api-1.0.jar:/home/divyabharathi/.m2/repository/org/apache/sis/storage/sis-netcdf/0.8/sis-netcdf-0.8.jar:/home/divyabharathi/.m2/repository/org/apache/sis/storage/sis-storage/0.8/sis-storage-0.8.jar:/home/divyabharathi/.m2/repository/org/apache/sis/core/sis-feature/0.8/sis-feature-0.8.jar:/home/divyabharathi/.m2/repository/org/apache/sis/core/sis-referencing/0.8/sis-referencing-0.8.jar:/home/divyabharathi/.m2/repository/org/apache/sis/core/sis-metadata/0.8/sis-metadata-0.8.jar:/home/divyabharathi/.m2/repository/org/opengis/geoapi/3.0.1/geoapi-3.0.1.jar:/home/divyabharathi/.m2/repository/edu/usc/ir/sentiment-analysis-parser/0.1/sentiment-analysis-parser-0.1.jar:/home/divyabharathi/.m2/repository/org/apache/uima/uimafit-core/2.2.0/uimafit-core-2.2.0.jar:/home/divyabharathi/.m2/repository/commons-logging/commons-logging-api/1.1/commons-logging-api-1.1.jar:/home/divyabharathi/.m2/repository/org/apache/uima/uimaj-core/2.9.0/uimaj-core-2.9.0.jar:/home/divyabharathi/.m2/repository/org/jdom/jdom2/2.0.6/jdom2-2.0.6.jar:/home/divyabharathi/.m2/repository/com/fasterxml/jackson/core/jackson-core/2.9.5/jackson-core-2.9.5.jar:/home/divyabharathi/.m2/repository/com/fasterxml/jackson/core/jackson-databind/2.9.5/jackson-databind-2.9.5.jar:/home/divyabharathi/.m2/repository/com/fasterxml/jackson/core/jackson-annotations/2.9.5/jackson-annotations-2.9.5.jar:/home/divyabharathi/.m2/repository/org/apache/pdfbox/jbig2-imageio/3.0.0/jbig2-imageio-3.0.0.jar:/home/divyabharathi/.m2/repository/com/github/jai-imageio/jai-imageio-core/1.3.1/jai-imageio-core-1.3.1.jar:/home/divyabharathi/.m2/repository/com/thoughtworks/xstream/xstream/1.4.10/xstream-1.4.10.jar:/home/divyabharathi/.m2/repository/xmlpull/xmlpull/1.1.3.1/xmlpull-1.1.3.1.jar:/home/divyabharathi/.m2/repository/xpp3/xpp3_min/1.1.4c/xpp3_min-1.1.4c.jar:/home/divyabharathi/.m2/repository/xalan/xalan/2.7.2/xalan-2.7.2.jar:/home/divyabharathi/.m2/repository/xalan/serializer/2.7.2/serializer-2.7.2.jar:/home/divyabharathi/.m2/repository/net/sf/saxon/Saxon-HE/9.8.0-12/Saxon-HE-9.8.0-12.jar:/home/divyabharathi/.m2/repository/org/apache/xmlgraphics/xmlgraphics-commons/2.2/xmlgraphics-commons-2.2.jar:/home/divyabharathi/.m2/repository/javax/activation/javax.activation-api/1.2.0/javax.activation-api-1.2.0.jar:/home/divyabharathi/.m2/repository/com/sun/activation/javax.activation/1.2.0/javax.activation-1.2.0.jar:/home/divyabharathi/.m2/repository/javax/mail/mail/1.5.0-b01/mail-1.5.0-b01.jar:/home/divyabharathi/.m2/repository/javax/activation/activation/1.1/activation-1.1.jar:/home/divyabharathi/.m2/repository/org/apache/geronimo/specs/geronimo-jms_1.1_spec/1.1.1/geronimo-jms_1.1_spec-1.1.1.jar:/home/divyabharathi/.m2/repository/com/jayway/jsonpath/json-path/2.4.0/json-path-2.4.0.jar:/home/divyabharathi/.m2/repository/net/minidev/json-smart/2.3/json-smart-2.3.jar:/home/divyabharathi/.m2/repository/org/jsoup/jsoup/1.11.2/jsoup-1.11.2.jar:/home/divyabharathi/.m2/repository/org/jodd/jodd-core/4.1.4/jodd-core-4.1.4.jar:/home/divyabharathi/.m2/repository/org/jodd/jodd-lagarto/4.1.4/jodd-lagarto-4.1.4.jar:/home/divyabharathi/.m2/repository/org/jodd/jodd-log/4.1.4/jodd-log-4.1.4.jar:/home/divyabharathi/.m2/repository/org/jodd/jodd-props/4.1.4/jodd-props-4.1.4.jar:/home/divyabharathi/.m2/repository/org/mongodb/mongo-java-driver/2.11.3/mongo-java-driver-2.11.3.jar:/home/divyabharathi/.m2/repository/com/helger/ph-css/6.1.1/ph-css-6.1.1.jar:/home/divyabharathi/.m2/repository/com/helger/ph-commons/9.1.2/ph-commons-9.1.2.jar:/home/divyabharathi/.m2/repository/com/fifesoft/rsyntaxtextarea/2.6.1/rsyntaxtextarea-2.6.1.jar:/home/divyabharathi/.m2/repository/org/slf4j/slf4j-api/1.7.25/slf4j-api-1.7.25.jar:/home/divyabharathi/.m2/repository/org/slf4j/slf4j-ext/1.7.25/slf4j-ext-1.7.25.jar:/home/divyabharathi/.m2/repository/org/slf4j/jcl-over-slf4j/1.7.25/jcl-over-slf4j-1.7.25.jar:/home/divyabharathi/.m2/repository/org/apache/logging/log4j/log4j-slf4j-impl/2.11.0/log4j-slf4j-impl-2.11.0.jar:/home/divyabharathi/.m2/repository/org/apache/logging/log4j/log4j-1.2-api/2.11.0/log4j-1.2-api-2.11.0.jar:/home/divyabharathi/.m2/repository/org/apache/jmeter/ApacheJMeter_http/5.0/ApacheJMeter_http-5.0.jar:/home/divyabharathi/.m2/repository/org/apache/jmeter/ApacheJMeter_components/5.0/ApacheJMeter_components-5.0.jar:/home/divyabharathi/.m2/repository/org/apache/commons/commons-lang3/3.11/commons-lang3-3.11.jar:/home/divyabharathi/.m2/repository/tech/grasshopper/extentreports-cucumber6-adapter/2.7.0/extentreports-cucumber6-adapter-2.7.0.jar:/home/divyabharathi/.m2/repository/tech/grasshopper/extent-pdf-report/1.6.0/extent-pdf-report-1.6.0.jar:/home/divyabharathi/.m2/repository/tech/grasshopper/cucumber-pdf-report/2.1.0/cucumber-pdf-report-2.1.0.jar:/home/divyabharathi/.m2/repository/org/knowm/xchart/xchart/3.8.0/xchart-3.8.0.jar:/home/divyabharathi/.m2/repository/de/erichseifert/vectorgraphics2d/VectorGraphics2D/0.13/VectorGraphics2D-0.13.jar:/home/divyabharathi/.m2/repository/de/rototor/pdfbox/graphics2d/0.30/graphics2d-0.30.jar:/home/divyabharathi/.m2/repository/com/madgag/animated-gif-lib/1.4/animated-gif-lib-1.4.jar:/home/divyabharathi/.m2/repository/com/github/vandeseer/easytable/0.8.2/easytable-0.8.2.jar:/home/divyabharathi/.m2/repository/org/yaml/snakeyaml/1.28/snakeyaml-1.28.jar:/home/divyabharathi/.m2/repository/com/aventstack/klov-reporter/5.0.5/klov-reporter-5.0.5.jar:/home/divyabharathi/.m2/repository/org/mongodb/bson/3.6.4/bson-3.6.4.jar:/home/divyabharathi/.m2/repository/org/mongodb/mongodb-driver/3.3.0/mongodb-driver-3.3.0.jar:/home/divyabharathi/.m2/repository/org/mongodb/mongodb-driver-core/3.3.0/mongodb-driver-core-3.3.0.jar:/home/divyabharathi/.m2/repository/com/aventstack/extentreports/5.0.4/extentreports-5.0.4.jar:/home/divyabharathi/.m2/repository/io/reactivex/rxjava3/rxjava/3.0.4/rxjava-3.0.4.jar:/home/divyabharathi/.m2/repository/org/reactivestreams/reactive-streams/1.0.3/reactive-streams-1.0.3.jar:/home/divyabharathi/.m2/repository/org/freemarker/freemarker/2.3.30/freemarker-2.3.30.jar:/home/divyabharathi/.m2/repository/org/projectlombok/lombok/1.18.12/lombok-1.18.12.jar:/home/divyabharathi/.m2/repository/com/google/code/gson/gson/2.8.6/gson-2.8.6.jar:/home/divyabharathi/.m2/repository/junit/junit/4.12/junit-4.12.jar:/home/divyabharathi/.m2/repository/org/hamcrest/hamcrest-core/1.3/hamcrest-core-1.3.jar:"/>
    <property name="java.vm.vendor" value="Ubuntu"/>
    <property name="sun.arch.data.model" value="64"/>
    <property name="java.vendor.url" value="https://ubuntu.com/"/>
    <property name="user.timezone" value=""/>
    <property name="java.vm.specification.version" value="11"/>
    <property name="os.name" value="Linux"/>
    <property name="sun.java.launcher" value="SUN_STANDARD"/>
    <property name="user.country" value="IN"/>
    <property name="sun.boot.library.path" value="/usr/lib/jvm/java-11-openjdk-amd64/lib"/>
    <property name="sun.java.command" value="/home/divyabharathi/2AutomationWOrkspace/MobileAutomationWorkspace/NMCO/target/surefire/surefirebooter12178795383874456604.jar /home/divyabharathi/2AutomationWOrkspace/MobileAutomationWorkspace/NMCO/target/surefire 2021-10-19T14-55-51_004-jvmRun1 surefire3305762140259286801tmp surefire_015159745078926927154tmp"/>
    <property name="jdk.debug" value="release"/>
    <property name="surefire.test.class.path" value="/home/divyabharathi/2AutomationWOrkspace/MobileAutomationWorkspace/NMCO/target/test-classes:/home/divyabharathi/2AutomationWOrkspace/MobileAutomationWorkspace/NMCO/target/classes:/home/divyabharathi/.m2/repository/com/iexceed/appzillon-automation-framework/1.0-SNAPSHOT/appzillon-automation-framework-1.0-SNAPSHOT-jar-with-dependencies.jar:/home/divyabharathi/.m2/repository/org/seleniumhq/selenium/selenium-java/3.141.59/selenium-java-3.141.59.jar:/home/divyabharathi/.m2/repository/org/seleniumhq/selenium/selenium-api/3.141.59/selenium-api-3.141.59.jar:/home/divyabharathi/.m2/repository/org/seleniumhq/selenium/selenium-chrome-driver/3.141.59/selenium-chrome-driver-3.141.59.jar:/home/divyabharathi/.m2/repository/org/seleniumhq/selenium/selenium-edge-driver/3.141.59/selenium-edge-driver-3.141.59.jar:/home/divyabharathi/.m2/repository/org/seleniumhq/selenium/selenium-firefox-driver/3.141.59/selenium-firefox-driver-3.141.59.jar:/home/divyabharathi/.m2/repository/org/seleniumhq/selenium/selenium-ie-driver/3.141.59/selenium-ie-driver-3.141.59.jar:/home/divyabharathi/.m2/repository/org/seleniumhq/selenium/selenium-opera-driver/3.141.59/selenium-opera-driver-3.141.59.jar:/home/divyabharathi/.m2/repository/org/seleniumhq/selenium/selenium-safari-driver/3.141.59/selenium-safari-driver-3.141.59.jar:/home/divyabharathi/.m2/repository/org/seleniumhq/selenium/selenium-support/3.141.59/selenium-support-3.141.59.jar:/home/divyabharathi/.m2/repository/net/bytebuddy/byte-buddy/1.8.15/byte-buddy-1.8.15.jar:/home/divyabharathi/.m2/repository/org/apache/commons/commons-exec/1.3/commons-exec-1.3.jar:/home/divyabharathi/.m2/repository/com/google/guava/guava/25.0-jre/guava-25.0-jre.jar:/home/divyabharathi/.m2/repository/com/google/code/findbugs/jsr305/1.3.9/jsr305-1.3.9.jar:/home/divyabharathi/.m2/repository/org/checkerframework/checker-compat-qual/2.0.0/checker-compat-qual-2.0.0.jar:/home/divyabharathi/.m2/repository/com/google/errorprone/error_prone_annotations/2.1.3/error_prone_annotations-2.1.3.jar:/home/divyabharathi/.m2/repository/com/google/j2objc/j2objc-annotations/1.1/j2objc-annotations-1.1.jar:/home/divyabharathi/.m2/repository/org/codehaus/mojo/animal-sniffer-annotations/1.14/animal-sniffer-annotations-1.14.jar:/home/divyabharathi/.m2/repository/com/squareup/okhttp3/okhttp/3.11.0/okhttp-3.11.0.jar:/home/divyabharathi/.m2/repository/com/squareup/okio/okio/1.14.0/okio-1.14.0.jar:/home/divyabharathi/.m2/repository/io/cucumber/cucumber-java/6.8.1/cucumber-java-6.8.1.jar:/home/divyabharathi/.m2/repository/org/apiguardian/apiguardian-api/1.1.0/apiguardian-api-1.1.0.jar:/home/divyabharathi/.m2/repository/io/cucumber/cucumber-core/6.8.1/cucumber-core-6.8.1.jar:/home/divyabharathi/.m2/repository/io/cucumber/cucumber-gherkin-messages/6.8.1/cucumber-gherkin-messages-6.8.1.jar:/home/divyabharathi/.m2/repository/io/cucumber/messages/13.1.0/messages-13.1.0.jar:/home/divyabharathi/.m2/repository/io/cucumber/tag-expressions/3.0.0/tag-expressions-3.0.0.jar:/home/divyabharathi/.m2/repository/io/cucumber/datatable/3.5.0/datatable-3.5.0.jar:/home/divyabharathi/.m2/repository/io/cucumber/cucumber-plugin/6.8.1/cucumber-plugin-6.8.1.jar:/home/divyabharathi/.m2/repository/io/cucumber/docstring/6.8.1/docstring-6.8.1.jar:/home/divyabharathi/.m2/repository/io/cucumber/html-formatter/9.0.0/html-formatter-9.0.0.jar:/home/divyabharathi/.m2/repository/io/cucumber/create-meta/2.0.2/create-meta-2.0.2.jar:/home/divyabharathi/.m2/repository/io/cucumber/cucumber-junit/6.8.1/cucumber-junit-6.8.1.jar:/home/divyabharathi/.m2/repository/io/cucumber/cucumber-testng/6.8.1/cucumber-testng-6.8.1.jar:/home/divyabharathi/.m2/repository/io/cucumber/cucumber-gherkin/6.8.1/cucumber-gherkin-6.8.1.jar:/home/divyabharathi/.m2/repository/io/cucumber/gherkin/15.0.2/gherkin-15.0.2.jar:/home/divyabharathi/.m2/repository/io/cucumber/cucumber-expressions/10.3.0/cucumber-expressions-10.3.0.jar:/home/divyabharathi/.m2/repository/io/rest-assured/rest-assured/4.3.2/rest-assured-4.3.2.jar:/home/divyabharathi/.m2/repository/org/codehaus/groovy/groovy/3.0.6/groovy-3.0.6.jar:/home/divyabharathi/.m2/repository/org/codehaus/groovy/groovy-xml/3.0.6/groovy-xml-3.0.6.jar:/home/divyabharathi/.m2/repository/org/apache/httpcomponents/httpclient/4.5.3/httpclient-4.5.3.jar:/home/divyabharathi/.m2/repository/commons-logging/commons-logging/1.2/commons-logging-1.2.jar:/home/divyabharathi/.m2/repository/org/apache/httpcomponents/httpmime/4.5.3/httpmime-4.5.3.jar:/home/divyabharathi/.m2/repository/org/hamcrest/hamcrest/2.1/hamcrest-2.1.jar:/home/divyabharathi/.m2/repository/org/ccil/cowan/tagsoup/tagsoup/1.2.1/tagsoup-1.2.1.jar:/home/divyabharathi/.m2/repository/io/rest-assured/xml-path/4.3.2/xml-path-4.3.2.jar:/home/divyabharathi/.m2/repository/jakarta/xml/bind/jakarta.xml.bind-api/2.3.3/jakarta.xml.bind-api-2.3.3.jar:/home/divyabharathi/.m2/repository/jakarta/activation/jakarta.activation-api/1.2.2/jakarta.activation-api-1.2.2.jar:/home/divyabharathi/.m2/repository/com/sun/xml/bind/jaxb-impl/2.3.3/jaxb-impl-2.3.3.jar:/home/divyabharathi/.m2/repository/io/rest-assured/json-path/4.3.2/json-path-4.3.2.jar:/home/divyabharathi/.m2/repository/org/codehaus/groovy/groovy-json/3.0.6/groovy-json-3.0.6.jar:/home/divyabharathi/.m2/repository/io/rest-assured/rest-assured-common/4.3.2/rest-assured-common-4.3.2.jar:/home/divyabharathi/.m2/repository/io/rest-assured/json-schema-validator/4.3.2/json-schema-validator-4.3.2.jar:/home/divyabharathi/.m2/repository/com/github/java-json-tools/json-schema-validator/2.2.14/json-schema-validator-2.2.14.jar:/home/divyabharathi/.m2/repository/com/github/java-json-tools/jackson-coreutils-equivalence/1.0/jackson-coreutils-equivalence-1.0.jar:/home/divyabharathi/.m2/repository/com/github/java-json-tools/jackson-coreutils/2.0/jackson-coreutils-2.0.jar:/home/divyabharathi/.m2/repository/com/github/java-json-tools/msg-simple/1.2/msg-simple-1.2.jar:/home/divyabharathi/.m2/repository/com/github/java-json-tools/btf/1.3/btf-1.3.jar:/home/divyabharathi/.m2/repository/com/github/java-json-tools/json-schema-core/1.2.14/json-schema-core-1.2.14.jar:/home/divyabharathi/.m2/repository/com/github/java-json-tools/uri-template/0.10/uri-template-0.10.jar:/home/divyabharathi/.m2/repository/com/sun/mail/mailapi/1.6.2/mailapi-1.6.2.jar:/home/divyabharathi/.m2/repository/joda-time/joda-time/2.10.5/joda-time-2.10.5.jar:/home/divyabharathi/.m2/repository/com/googlecode/libphonenumber/libphonenumber/8.11.1/libphonenumber-8.11.1.jar:/home/divyabharathi/.m2/repository/net/sf/jopt-simple/jopt-simple/5.0.4/jopt-simple-5.0.4.jar:/home/divyabharathi/.m2/repository/org/testng/testng/6.9.4/testng-6.9.4.jar:/home/divyabharathi/.m2/repository/org/beanshell/bsh/2.0b4/bsh-2.0b4.jar:/home/divyabharathi/.m2/repository/com/beust/jcommander/1.48/jcommander-1.48.jar:/home/divyabharathi/.m2/repository/org/apache/poi/poi-ooxml/4.1.0/poi-ooxml-4.1.0.jar:/home/divyabharathi/.m2/repository/org/apache/poi/poi/4.1.0/poi-4.1.0.jar:/home/divyabharathi/.m2/repository/org/apache/commons/commons-collections4/4.3/commons-collections4-4.3.jar:/home/divyabharathi/.m2/repository/org/apache/poi/poi-ooxml-schemas/4.1.0/poi-ooxml-schemas-4.1.0.jar:/home/divyabharathi/.m2/repository/org/apache/xmlbeans/xmlbeans/3.1.0/xmlbeans-3.1.0.jar:/home/divyabharathi/.m2/repository/org/apache/commons/commons-compress/1.18/commons-compress-1.18.jar:/home/divyabharathi/.m2/repository/com/github/virtuald/curvesapi/1.06/curvesapi-1.06.jar:/home/divyabharathi/.m2/repository/com/github/ralfstuckert/pdfbox-layout/pdfbox2-layout/0.9.0/pdfbox2-layout-0.9.0.jar:/home/divyabharathi/.m2/repository/org/apache/pdfbox/pdfbox/2.0.4/pdfbox-2.0.4.jar:/home/divyabharathi/.m2/repository/org/apache/pdfbox/fontbox/2.0.4/fontbox-2.0.4.jar:/home/divyabharathi/.m2/repository/log4j/log4j/1.2.17/log4j-1.2.17.jar:/home/divyabharathi/.m2/repository/org/seleniumhq/selenium/selenium-remote-driver/3.141.59/selenium-remote-driver-3.141.59.jar:/home/divyabharathi/.m2/repository/org/apache/logging/log4j/log4j-api/2.13.3/log4j-api-2.13.3.jar:/home/divyabharathi/.m2/repository/org/apache/logging/log4j/log4j-core/2.13.3/log4j-core-2.13.3.jar:/home/divyabharathi/.m2/repository/com/codoid/products/fillo/1.21/fillo-1.21.jar:/home/divyabharathi/.m2/repository/xerces/xercesImpl/2.11.0/xercesImpl-2.11.0.jar:/home/divyabharathi/.m2/repository/xml-apis/xml-apis/1.4.01/xml-apis-1.4.01.jar:/home/divyabharathi/.m2/repository/io/appium/java-client/6.1.0/java-client-6.1.0.jar:/home/divyabharathi/.m2/repository/cglib/cglib/3.2.6/cglib-3.2.6.jar:/home/divyabharathi/.m2/repository/org/apache/ant/ant/1.9.6/ant-1.9.6.jar:/home/divyabharathi/.m2/repository/org/apache/ant/ant-launcher/1.9.6/ant-launcher-1.9.6.jar:/home/divyabharathi/.m2/repository/commons-validator/commons-validator/1.6/commons-validator-1.6.jar:/home/divyabharathi/.m2/repository/commons-beanutils/commons-beanutils/1.9.2/commons-beanutils-1.9.2.jar:/home/divyabharathi/.m2/repository/commons-digester/commons-digester/1.8.1/commons-digester-1.8.1.jar:/home/divyabharathi/.m2/repository/commons-io/commons-io/2.6/commons-io-2.6.jar:/home/divyabharathi/.m2/repository/org/springframework/spring-context/5.0.5.RELEASE/spring-context-5.0.5.RELEASE.jar:/home/divyabharathi/.m2/repository/org/springframework/spring-aop/5.0.5.RELEASE/spring-aop-5.0.5.RELEASE.jar:/home/divyabharathi/.m2/repository/org/springframework/spring-beans/5.0.5.RELEASE/spring-beans-5.0.5.RELEASE.jar:/home/divyabharathi/.m2/repository/org/springframework/spring-core/5.0.5.RELEASE/spring-core-5.0.5.RELEASE.jar:/home/divyabharathi/.m2/repository/org/springframework/spring-jcl/5.0.5.RELEASE/spring-jcl-5.0.5.RELEASE.jar:/home/divyabharathi/.m2/repository/org/springframework/spring-expression/5.0.5.RELEASE/spring-expression-5.0.5.RELEASE.jar:/home/divyabharathi/.m2/repository/org/aspectj/aspectjweaver/1.9.1/aspectjweaver-1.9.1.jar:/home/divyabharathi/.m2/repository/org/openpnp/opencv/3.2.0-1/opencv-3.2.0-1.jar:/home/divyabharathi/.m2/repository/org/apache/jmeter/ApacheJMeter_core/5.0/ApacheJMeter_core-5.0.jar:/home/divyabharathi/.m2/repository/org/apache/jmeter/jorphan/5.0/jorphan-5.0.jar:/home/divyabharathi/.m2/repository/org/ow2/asm/asm/6.1/asm-6.1.jar:/home/divyabharathi/.m2/repository/net/minidev/accessors-smart/1.2/accessors-smart-1.2.jar:/home/divyabharathi/.m2/repository/bsf/bsf/2.4.0/bsf-2.4.0.jar:/home/divyabharathi/.m2/repository/org/apache-extras/beanshell/bsh/2.0b6/bsh-2.0b6.jar:/home/divyabharathi/.m2/repository/org/bouncycastle/bcmail-jdk15on/1.60/bcmail-jdk15on-1.60.jar:/home/divyabharathi/.m2/repository/org/bouncycastle/bcprov-jdk15on/1.60/bcprov-jdk15on-1.60.jar:/home/divyabharathi/.m2/repository/org/bouncycastle/bcpkix-jdk15on/1.60/bcpkix-jdk15on-1.60.jar:/home/divyabharathi/.m2/repository/org/brotli/dec/0.1.2/dec-0.1.2.jar:/home/divyabharathi/.m2/repository/com/github/ben-manes/caffeine/caffeine/2.6.2/caffeine-2.6.2.jar:/home/divyabharathi/.m2/repository/commons-codec/commons-codec/1.11/commons-codec-1.11.jar:/home/divyabharathi/.m2/repository/commons-collections/commons-collections/3.2.2/commons-collections-3.2.2.jar:/home/divyabharathi/.m2/repository/org/apache/commons/commons-dbcp2/2.4.0/commons-dbcp2-2.4.0.jar:/home/divyabharathi/.m2/repository/org/apache/commons/commons-jexl/2.1.1/commons-jexl-2.1.1.jar:/home/divyabharathi/.m2/repository/org/apache/commons/commons-jexl3/3.1/commons-jexl3-3.1.jar:/home/divyabharathi/.m2/repository/org/apache/commons/commons-math3/3.6.1/commons-math3-3.6.1.jar:/home/divyabharathi/.m2/repository/commons-net/commons-net/3.6/commons-net-3.6.jar:/home/divyabharathi/.m2/repository/org/apache/commons/commons-pool2/2.6.0/commons-pool2-2.6.0.jar:/home/divyabharathi/.m2/repository/dnsjava/dnsjava/2.1.8/dnsjava-2.1.8.jar:/home/divyabharathi/.m2/repository/org/codehaus/groovy/groovy-all/2.4.15/groovy-all-2.4.15.jar:/home/divyabharathi/.m2/repository/org/apache/httpcomponents/httpasyncclient/4.1.3/httpasyncclient-4.1.3.jar:/home/divyabharathi/.m2/repository/org/apache/httpcomponents/httpcore/4.4.10/httpcore-4.4.10.jar:/home/divyabharathi/.m2/repository/org/apache/httpcomponents/httpcore-nio/4.4.10/httpcore-nio-4.4.10.jar:/home/divyabharathi/.m2/repository/oro/oro/2.0.8/oro-2.0.8.jar:/home/divyabharathi/.m2/repository/jcharts/jcharts/0.7.5/jcharts-0.7.5.jar:/home/divyabharathi/.m2/repository/org/mozilla/rhino/1.7.10/rhino-1.7.10.jar:/home/divyabharathi/.m2/repository/net/sf/jtidy/jtidy/r938/jtidy-r938.jar:/home/divyabharathi/.m2/repository/org/apache/tika/tika-core/1.18/tika-core-1.18.jar:/home/divyabharathi/.m2/repository/org/apache/tika/tika-parsers/1.18/tika-parsers-1.18.jar:/home/divyabharathi/.m2/repository/org/gagravarr/vorbis-java-tika/0.8/vorbis-java-tika-0.8.jar:/home/divyabharathi/.m2/repository/com/healthmarketscience/jackcess/jackcess/2.1.10/jackcess-2.1.10.jar:/home/divyabharathi/.m2/repository/commons-lang/commons-lang/2.6/commons-lang-2.6.jar:/home/divyabharathi/.m2/repository/com/healthmarketscience/jackcess/jackcess-encrypt/2.1.4/jackcess-encrypt-2.1.4.jar:/home/divyabharathi/.m2/repository/org/tallison/jmatio/1.2/jmatio-1.2.jar:/home/divyabharathi/.m2/repository/org/apache/james/apache-mime4j-core/0.8.1/apache-mime4j-core-0.8.1.jar:/home/divyabharathi/.m2/repository/org/apache/james/apache-mime4j-dom/0.8.1/apache-mime4j-dom-0.8.1.jar:/home/divyabharathi/.m2/repository/org/tukaani/xz/1.8/xz-1.8.jar:/home/divyabharathi/.m2/repository/org/apache/pdfbox/pdfbox-tools/2.0.9/pdfbox-tools-2.0.9.jar:/home/divyabharathi/.m2/repository/org/apache/pdfbox/jempbox/1.8.13/jempbox-1.8.13.jar:/home/divyabharathi/.m2/repository/org/apache/poi/poi-scratchpad/3.17/poi-scratchpad-3.17.jar:/home/divyabharathi/.m2/repository/com/googlecode/mp4parser/isoparser/1.1.18/isoparser-1.1.18.jar:/home/divyabharathi/.m2/repository/com/drewnoakes/metadata-extractor/2.10.1/metadata-extractor-2.10.1.jar:/home/divyabharathi/.m2/repository/com/adobe/xmp/xmpcore/5.1.3/xmpcore-5.1.3.jar:/home/divyabharathi/.m2/repository/de/l3s/boilerpipe/boilerpipe/1.1.0/boilerpipe-1.1.0.jar:/home/divyabharathi/.m2/repository/com/rometools/rome/1.5.1/rome-1.5.1.jar:/home/divyabharathi/.m2/repository/com/rometools/rome-utils/1.5.1/rome-utils-1.5.1.jar:/home/divyabharathi/.m2/repository/org/gagravarr/vorbis-java-core/0.8/vorbis-java-core-0.8.jar:/home/divyabharathi/.m2/repository/com/googlecode/juniversalchardet/juniversalchardet/1.0.3/juniversalchardet-1.0.3.jar:/home/divyabharathi/.m2/repository/org/codelibs/jhighlight/1.0.2/jhighlight-1.0.2.jar:/home/divyabharathi/.m2/repository/com/pff/java-libpst/0.8.1/java-libpst-0.8.1.jar:/home/divyabharathi/.m2/repository/com/github/junrar/junrar/0.7/junrar-0.7.jar:/home/divyabharathi/.m2/repository/org/apache/cxf/cxf-rt-rs-client/3.0.16/cxf-rt-rs-client-3.0.16.jar:/home/divyabharathi/.m2/repository/org/apache/cxf/cxf-rt-transports-http/3.0.16/cxf-rt-transports-http-3.0.16.jar:/home/divyabharathi/.m2/repository/org/apache/cxf/cxf-core/3.0.16/cxf-core-3.0.16.jar:/home/divyabharathi/.m2/repository/org/codehaus/woodstox/woodstox-core-asl/4.4.1/woodstox-core-asl-4.4.1.jar:/home/divyabharathi/.m2/repository/org/codehaus/woodstox/stax2-api/3.1.4/stax2-api-3.1.4.jar:/home/divyabharathi/.m2/repository/org/apache/ws/xmlschema/xmlschema-core/2.2.2/xmlschema-core-2.2.2.jar:/home/divyabharathi/.m2/repository/org/apache/cxf/cxf-rt-frontend-jaxrs/3.0.16/cxf-rt-frontend-jaxrs-3.0.16.jar:/home/divyabharathi/.m2/repository/javax/ws/rs/javax.ws.rs-api/2.0.1/javax.ws.rs-api-2.0.1.jar:/home/divyabharathi/.m2/repository/javax/annotation/javax.annotation-api/1.2/javax.annotation-api-1.2.jar:/home/divyabharathi/.m2/repository/org/apache/opennlp/opennlp-tools/1.8.4/opennlp-tools-1.8.4.jar:/home/divyabharathi/.m2/repository/com/googlecode/json-simple/json-simple/1.1.1/json-simple-1.1.1.jar:/home/divyabharathi/.m2/repository/com/github/openjson/openjson/1.0.10/openjson-1.0.10.jar:/home/divyabharathi/.m2/repository/org/slf4j/jul-to-slf4j/1.7.24/jul-to-slf4j-1.7.24.jar:/home/divyabharathi/.m2/repository/edu/ucar/netcdf4/4.5.5/netcdf4-4.5.5.jar:/home/divyabharathi/.m2/repository/net/jcip/jcip-annotations/1.0/jcip-annotations-1.0.jar:/home/divyabharathi/.m2/repository/net/java/dev/jna/jna/4.1.0/jna-4.1.0.jar:/home/divyabharathi/.m2/repository/edu/ucar/grib/4.5.5/grib-4.5.5.jar:/home/divyabharathi/.m2/repository/com/google/protobuf/protobuf-java/2.5.0/protobuf-java-2.5.0.jar:/home/divyabharathi/.m2/repository/org/itadaki/bzip2/0.9.1/bzip2-0.9.1.jar:/home/divyabharathi/.m2/repository/edu/ucar/cdm/4.5.5/cdm-4.5.5.jar:/home/divyabharathi/.m2/repository/edu/ucar/udunits/4.5.5/udunits-4.5.5.jar:/home/divyabharathi/.m2/repository/org/quartz-scheduler/quartz/2.2.0/quartz-2.2.0.jar:/home/divyabharathi/.m2/repository/c3p0/c3p0/0.9.1.1/c3p0-0.9.1.1.jar:/home/divyabharathi/.m2/repository/net/sf/ehcache/ehcache-core/2.6.2/ehcache-core-2.6.2.jar:/home/divyabharathi/.m2/repository/edu/ucar/httpservices/4.5.5/httpservices-4.5.5.jar:/home/divyabharathi/.m2/repository/org/apache/commons/commons-csv/1.0/commons-csv-1.0.jar:/home/divyabharathi/.m2/repository/org/apache/sis/core/sis-utility/0.8/sis-utility-0.8.jar:/home/divyabharathi/.m2/repository/javax/measure/unit-api/1.0/unit-api-1.0.jar:/home/divyabharathi/.m2/repository/org/apache/sis/storage/sis-netcdf/0.8/sis-netcdf-0.8.jar:/home/divyabharathi/.m2/repository/org/apache/sis/storage/sis-storage/0.8/sis-storage-0.8.jar:/home/divyabharathi/.m2/repository/org/apache/sis/core/sis-feature/0.8/sis-feature-0.8.jar:/home/divyabharathi/.m2/repository/org/apache/sis/core/sis-referencing/0.8/sis-referencing-0.8.jar:/home/divyabharathi/.m2/repository/org/apache/sis/core/sis-metadata/0.8/sis-metadata-0.8.jar:/home/divyabharathi/.m2/repository/org/opengis/geoapi/3.0.1/geoapi-3.0.1.jar:/home/divyabharathi/.m2/repository/edu/usc/ir/sentiment-analysis-parser/0.1/sentiment-analysis-parser-0.1.jar:/home/divyabharathi/.m2/repository/org/apache/uima/uimafit-core/2.2.0/uimafit-core-2.2.0.jar:/home/divyabharathi/.m2/repository/commons-logging/commons-logging-api/1.1/commons-logging-api-1.1.jar:/home/divyabharathi/.m2/repository/org/apache/uima/uimaj-core/2.9.0/uimaj-core-2.9.0.jar:/home/divyabharathi/.m2/repository/org/jdom/jdom2/2.0.6/jdom2-2.0.6.jar:/home/divyabharathi/.m2/repository/com/fasterxml/jackson/core/jackson-core/2.9.5/jackson-core-2.9.5.jar:/home/divyabharathi/.m2/repository/com/fasterxml/jackson/core/jackson-databind/2.9.5/jackson-databind-2.9.5.jar:/home/divyabharathi/.m2/repository/com/fasterxml/jackson/core/jackson-annotations/2.9.5/jackson-annotations-2.9.5.jar:/home/divyabharathi/.m2/repository/org/apache/pdfbox/jbig2-imageio/3.0.0/jbig2-imageio-3.0.0.jar:/home/divyabharathi/.m2/repository/com/github/jai-imageio/jai-imageio-core/1.3.1/jai-imageio-core-1.3.1.jar:/home/divyabharathi/.m2/repository/com/thoughtworks/xstream/xstream/1.4.10/xstream-1.4.10.jar:/home/divyabharathi/.m2/repository/xmlpull/xmlpull/1.1.3.1/xmlpull-1.1.3.1.jar:/home/divyabharathi/.m2/repository/xpp3/xpp3_min/1.1.4c/xpp3_min-1.1.4c.jar:/home/divyabharathi/.m2/repository/xalan/xalan/2.7.2/xalan-2.7.2.jar:/home/divyabharathi/.m2/repository/xalan/serializer/2.7.2/serializer-2.7.2.jar:/home/divyabharathi/.m2/repository/net/sf/saxon/Saxon-HE/9.8.0-12/Saxon-HE-9.8.0-12.jar:/home/divyabharathi/.m2/repository/org/apache/xmlgraphics/xmlgraphics-commons/2.2/xmlgraphics-commons-2.2.jar:/home/divyabharathi/.m2/repository/javax/activation/javax.activation-api/1.2.0/javax.activation-api-1.2.0.jar:/home/divyabharathi/.m2/repository/com/sun/activation/javax.activation/1.2.0/javax.activation-1.2.0.jar:/home/divyabharathi/.m2/repository/javax/mail/mail/1.5.0-b01/mail-1.5.0-b01.jar:/home/divyabharathi/.m2/repository/javax/activation/activation/1.1/activation-1.1.jar:/home/divyabharathi/.m2/repository/org/apache/geronimo/specs/geronimo-jms_1.1_spec/1.1.1/geronimo-jms_1.1_spec-1.1.1.jar:/home/divyabharathi/.m2/repository/com/jayway/jsonpath/json-path/2.4.0/json-path-2.4.0.jar:/home/divyabharathi/.m2/repository/net/minidev/json-smart/2.3/json-smart-2.3.jar:/home/divyabharathi/.m2/repository/org/jsoup/jsoup/1.11.2/jsoup-1.11.2.jar:/home/divyabharathi/.m2/repository/org/jodd/jodd-core/4.1.4/jodd-core-4.1.4.jar:/home/divyabharathi/.m2/repository/org/jodd/jodd-lagarto/4.1.4/jodd-lagarto-4.1.4.jar:/home/divyabharathi/.m2/repository/org/jodd/jodd-log/4.1.4/jodd-log-4.1.4.jar:/home/divyabharathi/.m2/repository/org/jodd/jodd-props/4.1.4/jodd-props-4.1.4.jar:/home/divyabharathi/.m2/repository/org/mongodb/mongo-java-driver/2.11.3/mongo-java-driver-2.11.3.jar:/home/divyabharathi/.m2/repository/com/helger/ph-css/6.1.1/ph-css-6.1.1.jar:/home/divyabharathi/.m2/repository/com/helger/ph-commons/9.1.2/ph-commons-9.1.2.jar:/home/divyabharathi/.m2/repository/com/fifesoft/rsyntaxtextarea/2.6.1/rsyntaxtextarea-2.6.1.jar:/home/divyabharathi/.m2/repository/org/slf4j/slf4j-api/1.7.25/slf4j-api-1.7.25.jar:/home/divyabharathi/.m2/repository/org/slf4j/slf4j-ext/1.7.25/slf4j-ext-1.7.25.jar:/home/divyabharathi/.m2/repository/org/slf4j/jcl-over-slf4j/1.7.25/jcl-over-slf4j-1.7.25.jar:/home/divyabharathi/.m2/repository/org/apache/logging/log4j/log4j-slf4j-impl/2.11.0/log4j-slf4j-impl-2.11.0.jar:/home/divyabharathi/.m2/repository/org/apache/logging/log4j/log4j-1.2-api/2.11.0/log4j-1.2-api-2.11.0.jar:/home/divyabharathi/.m2/repository/org/apache/jmeter/ApacheJMeter_http/5.0/ApacheJMeter_http-5.0.jar:/home/divyabharathi/.m2/repository/org/apache/jmeter/ApacheJMeter_components/5.0/ApacheJMeter_components-5.0.jar:/home/divyabharathi/.m2/repository/org/apache/commons/commons-lang3/3.11/commons-lang3-3.11.jar:/home/divyabharathi/.m2/repository/tech/grasshopper/extentreports-cucumber6-adapter/2.7.0/extentreports-cucumber6-adapter-2.7.0.jar:/home/divyabharathi/.m2/repository/tech/grasshopper/extent-pdf-report/1.6.0/extent-pdf-report-1.6.0.jar:/home/divyabharathi/.m2/repository/tech/grasshopper/cucumber-pdf-report/2.1.0/cucumber-pdf-report-2.1.0.jar:/home/divyabharathi/.m2/repository/org/knowm/xchart/xchart/3.8.0/xchart-3.8.0.jar:/home/divyabharathi/.m2/repository/de/erichseifert/vectorgraphics2d/VectorGraphics2D/0.13/VectorGraphics2D-0.13.jar:/home/divyabharathi/.m2/repository/de/rototor/pdfbox/graphics2d/0.30/graphics2d-0.30.jar:/home/divyabharathi/.m2/repository/com/madgag/animated-gif-lib/1.4/animated-gif-lib-1.4.jar:/home/divyabharathi/.m2/repository/com/github/vandeseer/easytable/0.8.2/easytable-0.8.2.jar:/home/divyabharathi/.m2/repository/org/yaml/snakeyaml/1.28/snakeyaml-1.28.jar:/home/divyabharathi/.m2/repository/com/aventstack/klov-reporter/5.0.5/klov-reporter-5.0.5.jar:/home/divyabharathi/.m2/repository/org/mongodb/bson/3.6.4/bson-3.6.4.jar:/home/divyabharathi/.m2/repository/org/mongodb/mongodb-driver/3.3.0/mongodb-driver-3.3.0.jar:/home/divyabharathi/.m2/repository/org/mongodb/mongodb-driver-core/3.3.0/mongodb-driver-core-3.3.0.jar:/home/divyabharathi/.m2/repository/com/aventstack/extentreports/5.0.4/extentreports-5.0.4.jar:/home/divyabharathi/.m2/repository/io/reactivex/rxjava3/rxjava/3.0.4/rxjava-3.0.4.jar:/home/divyabharathi/.m2/repository/org/reactivestreams/reactive-streams/1.0.3/reactive-streams-1.0.3.jar:/home/divyabharathi/.m2/repository/org/freemarker/freemarker/2.3.30/freemarker-2.3.30.jar:/home/divyabharathi/.m2/repository/org/projectlombok/lombok/1.18.12/lombok-1.18.12.jar:/home/divyabharathi/.m2/repository/com/google/code/gson/gson/2.8.6/gson-2.8.6.jar:/home/divyabharathi/.m2/repository/junit/junit/4.12/junit-4.12.jar:/home/divyabharathi/.m2/repository/org/hamcrest/hamcrest-core/1.3/hamcrest-core-1.3.jar:"/>
    <property name="sun.cpu.endian" value="little"/>
    <property name="user.home" value="/home/divyabharathi"/>
    <property name="user.language" value="en"/>
    <property name="java.specification.vendor" value="Oracle Corporation"/>
    <property name="java.version.date" value="2021-04-20"/>
    <property name="java.home" value="/usr/lib/jvm/java-11-openjdk-amd64"/>
    <property name="file.separator" value="/"/>
    <property name="basedir" value="/home/divyabharathi/2AutomationWOrkspace/MobileAutomationWorkspace/NMCO"/>
    <property name="java.vm.compressedOopsMode" value="Zero based"/>
    <property name="line.separator" value="&#10;"/>
    <property name="java.specification.name" value="Java Platform API Specification"/>
    <property name="java.vm.specification.vendor" value="Oracle Corporation"/>
    <property name="java.awt.graphicsenv" value="sun.awt.X11GraphicsEnvironment"/>
    <property name="surefire.real.class.path" value="/home/divyabharathi/2AutomationWOrkspace/MobileAutomationWorkspace/NMCO/target/surefire/surefirebooter12178795383874456604.jar"/>
    <property name="sun.management.compiler" value="HotSpot 64-Bit Tiered Compilers"/>
    <property name="java.runtime.version" value="11.0.11+9-Ubuntu-0ubuntu2.18.04"/>
    <property name="user.name" value="divyabharathi"/>
    <property name="path.separator" value=":"/>
    <property name="os.version" value="5.4.0-87-generic"/>
    <property name="java.runtime.name" value="OpenJDK Runtime Environment"/>
    <property name="file.encoding" value="UTF-8"/>
    <property name="java.vm.name" value="OpenJDK 64-Bit Server VM"/>
    <property name="localRepository" value="/home/divyabharathi/.m2/repository"/>
    <property name="java.vendor.url.bug" value="https://bugs.launchpad.net/ubuntu/+source/openjdk-lts"/>
    <property name="java.io.tmpdir" value="/tmp"/>
    <property name="java.version" value="11.0.11"/>
    <property name="user.dir" value="/home/divyabharathi/2AutomationWOrkspace/MobileAutomationWorkspace/NMCO"/>
    <property name="os.arch" value="amd64"/>
    <property name="java.vm.specification.name" value="Java Virtual Machine Specification"/>
    <property name="java.awt.printerjob" value="sun.print.PSPrinterJob"/>
    <property name="sun.os.patch.level" value="unknown"/>
    <property name="java.library.path" value="/usr/java/packages/lib:/usr/lib/x86_64-linux-gnu/jni:/lib/x86_64-linux-gnu:/usr/lib/x86_64-linux-gnu:/usr/lib/jni:/lib:/usr/lib"/>
    <property name="java.vm.info" value="mixed mode, sharing"/>
    <property name="java.vendor" value="Ubuntu"/>
    <property name="java.vm.version" value="11.0.11+9-Ubuntu-0ubuntu2.18.04"/>
    <property name="sun.io.unicode.encoding" value="UnicodeLittle"/>
    <property name="java.class.version" value="55.0"/>
  </properties>
</testsuite>